0 info it worked if it ends with ok
1 verbose cli [ '/usr/local/bin/node',
1 verbose cli   '/usr/local/bin/npm',
1 verbose cli   'install',
1 verbose cli   'grunt-responsive-images',
1 verbose cli   '--save-dev' ]
2 info using npm@4.1.2
3 info using node@v6.9.1
4 silly loadCurrentTree Starting
5 silly install loadCurrentTree
6 silly install readLocalPackageData
7 silly fetchPackageMetaData grunt-responsive-images@~0.4.5
8 silly fetchNamedPackageData grunt-responsive-images
9 silly mapToRegistry name grunt-responsive-images
10 silly mapToRegistry using default registry
11 silly mapToRegistry registry https://registry.npmjs.org/
12 silly mapToRegistry data Result {
12 silly mapToRegistry   raw: 'grunt-responsive-images',
12 silly mapToRegistry   scope: null,
12 silly mapToRegistry   escapedName: 'grunt-responsive-images',
12 silly mapToRegistry   name: 'grunt-responsive-images',
12 silly mapToRegistry   rawSpec: '',
12 silly mapToRegistry   spec: 'latest',
12 silly mapToRegistry   type: 'tag' }
13 silly mapToRegistry uri https://registry.npmjs.org/grunt-responsive-images
14 verbose request uri https://registry.npmjs.org/grunt-responsive-images
15 verbose request no auth needed
16 info attempt registry request try #1 at 2:37:07 PM
17 verbose request id d0aa6f63cb5560f7
18 http request GET https://registry.npmjs.org/grunt-responsive-images
19 http 200 https://registry.npmjs.org/grunt-responsive-images
20 verbose headers { server: 'nginx/1.10.1',
20 verbose headers   'content-type': 'application/json',
20 verbose headers   'last-modified': 'Sun, 27 Nov 2016 18:06:42 GMT',
20 verbose headers   etag: 'W/"583b20b2-c28c"',
20 verbose headers   'content-encoding': 'gzip',
20 verbose headers   'cache-control': 'max-age=300',
20 verbose headers   'content-length': '9592',
20 verbose headers   'accept-ranges': 'bytes',
20 verbose headers   date: 'Mon, 20 Feb 2017 19:37:07 GMT',
20 verbose headers   via: '1.1 varnish',
20 verbose headers   age: '0',
20 verbose headers   connection: 'keep-alive',
20 verbose headers   'x-served-by': 'cache-ord1723-ORD',
20 verbose headers   'x-cache': 'MISS',
20 verbose headers   'x-cache-hits': '0',
20 verbose headers   'x-timer': 'S1487619427.645403,VS0,VE21',
20 verbose headers   vary: 'Accept-Encoding' }
21 silly get cb [ 200,
21 silly get   { server: 'nginx/1.10.1',
21 silly get     'content-type': 'application/json',
21 silly get     'last-modified': 'Sun, 27 Nov 2016 18:06:42 GMT',
21 silly get     etag: 'W/"583b20b2-c28c"',
21 silly get     'content-encoding': 'gzip',
21 silly get     'cache-control': 'max-age=300',
21 silly get     'content-length': '9592',
21 silly get     'accept-ranges': 'bytes',
21 silly get     date: 'Mon, 20 Feb 2017 19:37:07 GMT',
21 silly get     via: '1.1 varnish',
21 silly get     age: '0',
21 silly get     connection: 'keep-alive',
21 silly get     'x-served-by': 'cache-ord1723-ORD',
21 silly get     'x-cache': 'MISS',
21 silly get     'x-cache-hits': '0',
21 silly get     'x-timer': 'S1487619427.645403,VS0,VE21',
21 silly get     vary: 'Accept-Encoding' } ]
22 verbose get saving grunt-responsive-images to /Users/brittneecostigan/.npm/registry.npmjs.org/grunt-responsive-images/.cache.json
23 verbose correctMkdir /Users/brittneecostigan/.npm correctMkdir not in flight; initializing
24 silly pickManifestFromRegistryMetadata spec >=0.4.5 <0.5.0 tag latest versions [ '0.0.1',
24 silly pickManifestFromRegistryMetadata   '0.0.2',
24 silly pickManifestFromRegistryMetadata   '0.0.3',
24 silly pickManifestFromRegistryMetadata   '0.0.4',
24 silly pickManifestFromRegistryMetadata   '0.0.5',
24 silly pickManifestFromRegistryMetadata   '0.0.6',
24 silly pickManifestFromRegistryMetadata   '0.0.7',
24 silly pickManifestFromRegistryMetadata   '0.1.0',
24 silly pickManifestFromRegistryMetadata   '0.1.1',
24 silly pickManifestFromRegistryMetadata   '0.1.2',
24 silly pickManifestFromRegistryMetadata   '0.1.3',
24 silly pickManifestFromRegistryMetadata   '0.1.4',
24 silly pickManifestFromRegistryMetadata   '0.1.5',
24 silly pickManifestFromRegistryMetadata   '0.1.6',
24 silly pickManifestFromRegistryMetadata   '0.1.7',
24 silly pickManifestFromRegistryMetadata   '0.1.8',
24 silly pickManifestFromRegistryMetadata   '0.1.9',
24 silly pickManifestFromRegistryMetadata   '1.10.0',
24 silly pickManifestFromRegistryMetadata   '1.10.1' ]
25 silly fetchPackageMetaData Error: No compatible version found: grunt-responsive-images@~0.4.5
25 silly fetchPackageMetaData Valid install targets:
25 silly fetchPackageMetaData 0.0.1, 0.0.2, 0.0.3, 0.0.4, 0.0.5, 0.0.6, 0.0.7, 0.1.0, 0.1.1, 0.1.2, 0.1.3, 0.1.4, 0.1.5, 0.1.6, 0.1.7, 0.1.8, 0.1.9, 1.10.0, 1.10.1
25 silly fetchPackageMetaData
25 silly fetchPackageMetaData     at pickVersionFromRegistryDocument (/usr/local/lib/node_modules/npm/lib/fetch-package-metadata.js:158:16)
25 silly fetchPackageMetaData     at /usr/local/lib/node_modules/npm/node_modules/iferr/index.js:13:50
25 silly fetchPackageMetaData     at /usr/local/lib/node_modules/npm/lib/utils/pulse-till-done.js:20:8
25 silly fetchPackageMetaData     at saved (/usr/local/lib/node_modules/npm/lib/cache/caching-client.js:174:7)
25 silly fetchPackageMetaData     at /usr/local/lib/node_modules/npm/node_modules/graceful-fs/polyfills.js:261:18
25 silly fetchPackageMetaData     at FSReqWrap.oncomplete (fs.js:123:15)
25 silly fetchPackageMetaData  error for grunt-responsive-images@~0.4.5 { Error: No compatible version found: grunt-responsive-images@~0.4.5
25 silly fetchPackageMetaData Valid install targets:
25 silly fetchPackageMetaData 0.0.1, 0.0.2, 0.0.3, 0.0.4, 0.0.5, 0.0.6, 0.0.7, 0.1.0, 0.1.1, 0.1.2, 0.1.3, 0.1.4, 0.1.5, 0.1.6, 0.1.7, 0.1.8, 0.1.9, 1.10.0, 1.10.1
25 silly fetchPackageMetaData
25 silly fetchPackageMetaData     at pickVersionFromRegistryDocument (/usr/local/lib/node_modules/npm/lib/fetch-package-metadata.js:158:16)
25 silly fetchPackageMetaData     at /usr/local/lib/node_modules/npm/node_modules/iferr/index.js:13:50
25 silly fetchPackageMetaData     at /usr/local/lib/node_modules/npm/lib/utils/pulse-till-done.js:20:8
25 silly fetchPackageMetaData     at saved (/usr/local/lib/node_modules/npm/lib/cache/caching-client.js:174:7)
25 silly fetchPackageMetaData     at /usr/local/lib/node_modules/npm/node_modules/graceful-fs/polyfills.js:261:18
25 silly fetchPackageMetaData     at FSReqWrap.oncomplete (fs.js:123:15) code: 'ETARGET' }
26 silly rollbackFailedOptional Starting
27 silly rollbackFailedOptional Finishing
28 silly runTopLevelLifecycles Finishing
29 silly install printInstalled
30 verbose stack Error: No compatible version found: grunt-responsive-images@~0.4.5
30 verbose stack Valid install targets:
30 verbose stack 0.0.1, 0.0.2, 0.0.3, 0.0.4, 0.0.5, 0.0.6, 0.0.7, 0.1.0, 0.1.1, 0.1.2, 0.1.3, 0.1.4, 0.1.5, 0.1.6, 0.1.7, 0.1.8, 0.1.9, 1.10.0, 1.10.1
30 verbose stack
30 verbose stack     at pickVersionFromRegistryDocument (/usr/local/lib/node_modules/npm/lib/fetch-package-metadata.js:158:16)
30 verbose stack     at /usr/local/lib/node_modules/npm/node_modules/iferr/index.js:13:50
30 verbose stack     at /usr/local/lib/node_modules/npm/lib/utils/pulse-till-done.js:20:8
30 verbose stack     at saved (/usr/local/lib/node_modules/npm/lib/cache/caching-client.js:174:7)
30 verbose stack     at /usr/local/lib/node_modules/npm/node_modules/graceful-fs/polyfills.js:261:18
30 verbose stack     at FSReqWrap.oncomplete (fs.js:123:15)
31 verbose cwd /Users/brittneecostigan/github/frontend-nanodegree-mobile-portfolio/js
32 error Darwin 16.3.0
33 error argv "/usr/local/bin/node" "/usr/local/bin/npm" "install" "grunt-responsive-images" "--save-dev"
34 error node v6.9.1
35 error npm  v4.1.2
36 error code ETARGET
37 error notarget No compatible version found: grunt-responsive-images@~0.4.5
37 error notarget Valid install targets:
37 error notarget 0.0.1, 0.0.2, 0.0.3, 0.0.4, 0.0.5, 0.0.6, 0.0.7, 0.1.0, 0.1.1, 0.1.2, 0.1.3, 0.1.4, 0.1.5, 0.1.6, 0.1.7, 0.1.8, 0.1.9, 1.10.0, 1.10.1
38 error notarget This is most likely not a problem with npm itself.
38 error notarget In most cases you or one of your dependencies are requesting
38 error notarget a package version that doesn't exist.
39 verbose exit [ 1, true ]
